<?xml version="1.0" encoding="UTF-8"?>
<testng-results ignored="0" total="1" passed="1" failed="0" skipped="0">
  <reporter-output>
  </reporter-output>
  <suite started-at="2025-12-25T15:59:04 IST" name="Default suite" finished-at="2025-12-25T15:59:08 IST" duration-ms="4810">
    <groups>
    </groups>
    <test started-at="2025-12-25T15:59:04 IST" name="Default test" finished-at="2025-12-25T15:59:08 IST" duration-ms="4810">
      <class name="tests.FlightSearchTest">
        <test-method is-config="true" signature="setUp()[pri:0, instance:tests.FlightSearchTest@54d9d12d]" started-at="2025-12-25T15:59:04 IST" name="setUp" finished-at="2025-12-25T15:59:05 IST" duration-ms="1655" status="PASS">
          <reporter-output>
          </reporter-output>
        </test-method> <!-- setUp -->
        <test-method signature="searchAndValidateFlights()[pri:0, instance:tests.FlightSearchTest@54d9d12d]" started-at="2025-12-25T15:59:05 IST" name="searchAndValidateFlights" finished-at="2025-12-25T15:59:08 IST" duration-ms="2907" status="PASS">
          <reporter-output>
          </reporter-output>
        </test-method> <!-- searchAndValidateFlights -->
        <test-method is-config="true" signature="tearDown()[pri:0, instance:tests.FlightSearchTest@54d9d12d]" started-at="2025-12-25T15:59:08 IST" name="tearDown" finished-at="2025-12-25T15:59:08 IST" duration-ms="208" status="PASS">
          <reporter-output>
          </reporter-output>
        </test-method> <!-- tearDown -->
      </class> <!-- tests.FlightSearchTest -->
    </test> <!-- Default test -->
  </suite> <!-- Default suite -->
</testng-results>
